# JRE version: Java(TM) SE Runtime Environment (11.0.2+9) (build 11.0.2+9-LTS)
# Java VM: Java HotSpot(TM) 64-Bit Server VM (11.0.2+9-LTS, mixed mode, tiered, compressed oops, g1 gc, windows-amd64)
Heap:
 garbage-first heap   total 189440K, used 69830K [0x0000000081800000, 0x0000000100000000)
  region size 1024K, 14 young (14336K), 2 survivors (2048K)
 Metaspace       used 69209K, capacity 70348K, committed 70404K, reserved 1112064K
  class space    used 7494K, capacity 7930K, committed 7936K, reserved 1048576K
GC Heap History (10 events):
Event: 16.698 GC heap before
{Heap before GC invocations=22 (full 0):
 garbage-first heap   total 189440K, used 140894K [0x0000000081800000, 0x0000000100000000)
  region size 1024K, 87 young (89088K), 12 survivors (12288K)
 Metaspace       used 48456K, capacity 49382K, committed 49512K, reserved 1093632K
  class space    used 5204K, capacity 5527K, committed 5632K, reserved 1048576K
}
Event: 16.705 GC heap after
{Heap after GC invocations=23 (full 0):
 garbage-first heap   total 189440K, used 59297K [0x0000000081800000, 0x0000000100000000)
  region size 1024K, 4 young (4096K), 4 survivors (4096K)
 Metaspace       used 48456K, capacity 49382K, committed 49512K, reserved 1093632K
  class space    used 5204K, capacity 5527K, committed 5632K, reserved 1048576K
}
Event: 19.879 GC heap before
{Heap before GC invocations=23 (full 0):
 garbage-first heap   total 189440K, used 145313K [0x0000000081800000, 0x0000000100000000)
  region size 1024K, 88 young (90112K), 4 survivors (4096K)
 Metaspace       used 60539K, capacity 61584K, committed 61800K, reserved 1103872K
  class space    used 6670K, capacity 7071K, committed 7168K, reserved 1048576K
}
Event: 19.887 GC heap after
{Heap after GC invocations=24 (full 0):
 garbage-first heap   total 189440K, used 62289K [0x0000000081800000, 0x0000000100000000)
  region size 1024K, 7 young (7168K), 7 survivors (7168K)
 Metaspace       used 60539K, capacity 61584K, committed 61800K, reserved 1103872K
  class space    used 6670K, capacity 7071K, committed 7168K, reserved 1048576K
}
Event: 36.685 GC heap before
{Heap before GC invocations=24 (full 0):
 garbage-first heap   total 189440K, used 102225K [0x0000000081800000, 0x0000000100000000)
  region size 1024K, 47 young (48128K), 7 survivors (7168K)
 Metaspace       used 65196K, capacity 66197K, committed 66308K, reserved 1107968K
  class space    used 7237K, capacity 7624K, committed 7680K, reserved 1048576K
}
Event: 36.712 GC heap after
{Heap after GC invocations=25 (full 0):
 garbage-first heap   total 189440K, used 63220K [0x0000000081800000, 0x0000000100000000)
  region size 1024K, 6 young (6144K), 6 survivors (6144K)
 Metaspace       used 65196K, capacity 66197K, committed 66308K, reserved 1107968K
  class space    used 7237K, capacity 7624K, committed 7680K, reserved 1048576K
}
Event: 1451.569 GC heap before
{Heap before GC invocations=26 (full 0):
 garbage-first heap   total 189440K, used 134900K [0x0000000081800000, 0x0000000100000000)
  region size 1024K, 83 young (84992K), 6 survivors (6144K)
 Metaspace       used 68667K, capacity 69760K, committed 69892K, reserved 1112064K
  class space    used 7467K, capacity 7891K, committed 7936K, reserved 1048576K
}
Event: 1451.583 GC heap after
{Heap after GC invocations=27 (full 0):
 garbage-first heap   total 189440K, used 67844K [0x0000000081800000, 0x0000000100000000)
  region size 1024K, 11 young (11264K), 11 survivors (11264K)
 Metaspace       used 68667K, capacity 69760K, committed 69892K, reserved 1112064K
  class space    used 7467K, capacity 7891K, committed 7936K, reserved 1048576K
}
Event: 1451.905 GC heap before
{Heap before GC invocations=27 (full 0):
 garbage-first heap   total 189440K, used 68868K [0x0000000081800000, 0x0000000100000000)
  region size 1024K, 12 young (12288K), 11 survivors (11264K)
 Metaspace       used 68692K, capacity 69767K, committed 69892K, reserved 1112064K
  class space    used 7467K, capacity 7892K, committed 7936K, reserved 1048576K
}
Event: 1451.916 GC heap after
{Heap after GC invocations=28 (full 0):
 garbage-first heap   total 189440K, used 58566K [0x0000000081800000, 0x0000000100000000)
  region size 1024K, 2 young (2048K), 2 survivors (2048K)
 Metaspace       used 68692K, capacity 69767K, committed 69892K, reserved 1112064K
  class space    used 7467K, capacity 7892K, committed 7936K, reserved 1048576K
}

